c:\users\adam\documents\mqp\git_good\japanmqp\mqp\mqp\debug\vc120.pdb
c:\users\adam\documents\mqp\git_good\japanmqp\mqp\mqp\debug\vc120.idb
c:\users\adam\documents\mqp\git_good\japanmqp\mqp\mqp\debug\game.obj
c:\users\adam\documents\mqp\git_good\japanmqp\mqp\mqp\debug\gamecamera.obj
c:\users\adam\documents\mqp\git_good\japanmqp\mqp\mqp\debug\gameworld.obj
c:\users\adam\documents\mqp\git_good\japanmqp\mqp\mqp\debug\handcontroller.obj
c:\users\adam\documents\mqp\git_good\japanmqp\mqp\mqp\debug\resetaction.obj
c:\users\adam\documents\mqp\git_good\japanmqp\mqp\mqp\debug\tank.obj
c:\users\adam\documents\mqp\git_good\japanmqp\c4\mqp.ilk
c:\users\adam\documents\mqp\git_good\japanmqp\c4\mqp.dll
c:\users\adam\documents\mqp\git_good\japanmqp\c4\mqp.pdb
c:\users\adam\documents\mqp\git_good\japanmqp\c4\mqp.lib
c:\users\adam\documents\mqp\git_good\japanmqp\c4\mqp.exp
c:\users\adam\documents\mqp\git_good\japanmqp\mqp\mqp\..\..\c4\mqp.dll
c:\users\adam\documents\mqp\git_good\japanmqp\mqp\mqp\debug\mqp.tlog\cl.command.1.tlog
c:\users\adam\documents\mqp\git_good\japanmqp\mqp\mqp\debug\mqp.tlog\cl.read.1.tlog
c:\users\adam\documents\mqp\git_good\japanmqp\mqp\mqp\debug\mqp.tlog\cl.write.1.tlog
c:\users\adam\documents\mqp\git_good\japanmqp\mqp\mqp\debug\mqp.tlog\link.command.1.tlog
c:\users\adam\documents\mqp\git_good\japanmqp\mqp\mqp\debug\mqp.tlog\link.read.1.tlog
c:\users\adam\documents\mqp\git_good\japanmqp\mqp\mqp\debug\mqp.tlog\link.write.1.tlog
c:\users\adam\documents\mqp\git_good\japanmqp\mqp\mqp\debug\mqp.tlog\mqp.write.1u.tlog
